<?xml version="1.0" encoding="UTF-8"?>
<!-- Generated by org.testng.reporters.JUnitReportReporter -->
<testsuite hostname="DESKTOP-R50NEUD" failures="0" tests="1" name="TestCases.ExecuteTestCases" time="60.354" errors="0" timestamp="2024-11-27T15:13:33 IST" skipped="0">
  <testcase classname="TestCases.ExecuteTestCases" name="TestCases" time="60.354"/>
  <system-out/>
</testsuite> <!-- TestCases.ExecuteTestCases -->
