<?xml version="1.0" encoding="UTF-8"?>
<!-- Generated by org.testng.reporters.JUnitReportReporter -->
<testsuite hostname="DESKTOP-R50NEUD" failures="0" tests="1" name="Basepack.BaseClass" time="4.365" errors="0" timestamp="2024-11-23T18:54:08 IST" skipped="0">
  <testcase classname="Basepack.BaseClass" name="Login" time="4.365"/>
  <system-out/>
</testsuite> <!-- Basepack.BaseClass -->
